<?xml version="1.0" encoding="UTF-8"?>
<robot generator="Robot 6.0.2 (Python 3.8.10 on linux)" generated="20230516 16:28:43.513" rpa="false" schemaversion="3">
<suite id="s1" name="Amazon Tests" source="/home/cskmacedo/Documents/git/projetos/robot_framework_estudos/curso_basico_udemy/WebTesting/amazon_tests.robot">
<test id="s1-t1" name="Caso de Teste 01 - Acesso ao menu de &quot;Eletrônicos&quot;" line="8">
<kw name="Abrir o navegador" library="amazon_resources" type="SETUP">
<kw name="Open Browser" library="SeleniumLibrary">
<arg>browser=chrome</arg>
<doc>Opens a new browser instance to the optional ``url``.</doc>
<msg timestamp="20230516 16:28:43.721" level="INFO">Opening browser 'chrome' to base url 'None'.</msg>
<msg timestamp="20230516 16:28:43.722" level="INFO">Applicable driver not found; attempting to install with Selenium Manager (Beta)</msg>
<status status="PASS" starttime="20230516 16:28:43.721" endtime="20230516 16:28:45.194"/>
</kw>
<kw name="Maximize Browser Window" library="SeleniumLibrary">
<doc>Maximizes current browser window.</doc>
<status status="PASS" starttime="20230516 16:28:45.195" endtime="20230516 16:28:45.300"/>
</kw>
<status status="PASS" starttime="20230516 16:28:43.721" endtime="20230516 16:28:45.300"/>
</kw>
<kw name="Acessar a home page do site Amazon.com.br" library="amazon_resources">
<kw name="Go To" library="SeleniumLibrary">
<arg>url=${URL}</arg>
<doc>Navigates the current browser window to the provided ``url``.</doc>
<msg timestamp="20230516 16:28:45.302" level="INFO">Opening url 'http://www.amazon.com.br'</msg>
<status status="PASS" starttime="20230516 16:28:45.302" endtime="20230516 16:28:47.112"/>
</kw>
<kw name="Wait Until Element Is Visible" library="SeleniumLibrary">
<arg>locator=${MENU_ELETRONICOS}</arg>
<doc>Waits until the element ``locator`` is visible.</doc>
<status status="PASS" starttime="20230516 16:28:47.113" endtime="20230516 16:28:47.180"/>
</kw>
<status status="PASS" starttime="20230516 16:28:45.301" endtime="20230516 16:28:47.180"/>
</kw>
<kw name="Entrar no menu &quot;Eletrônicos&quot;" library="amazon_resources">
<kw name="Click Element" library="SeleniumLibrary">
<arg>locator=${MENU_ELETRONICOS}</arg>
<doc>Click the element identified by ``locator``.</doc>
<msg timestamp="20230516 16:28:47.181" level="INFO">Clicking element '(//a[contains(.,'Eletrônicos')])[1]'.</msg>
<status status="PASS" starttime="20230516 16:28:47.181" endtime="20230516 16:28:47.930"/>
</kw>
<status status="PASS" starttime="20230516 16:28:47.181" endtime="20230516 16:28:47.930"/>
</kw>
<kw name="Verificar se aparece a frase &quot;Eletrônicos e Tecnologia&quot;" library="amazon_resources" sourcename="Verificar se aparece a frase &quot;${TEXTO_HEADER_ELETRONICOS}&quot;">
<kw name="Wait Until Page Contains" library="SeleniumLibrary">
<arg>text=${TEXTO_HEADER_ELETRONICOS}</arg>
<doc>Waits until ``text`` appears on the current page.</doc>
<status status="PASS" starttime="20230516 16:28:47.931" endtime="20230516 16:28:48.192"/>
</kw>
<kw name="Wait Until Element Is Visible" library="SeleniumLibrary">
<arg>locator=${HEADER_ELETRONICOS}</arg>
<doc>Waits until the element ``locator`` is visible.</doc>
<status status="PASS" starttime="20230516 16:28:48.192" endtime="20230516 16:28:48.778"/>
</kw>
<status status="PASS" starttime="20230516 16:28:47.931" endtime="20230516 16:28:48.778"/>
</kw>
<kw name="Verificar se o título da página fica &quot;Eletrônicos e Tecnologia | Amazon.com.br&quot;" library="amazon_resources" sourcename="Verificar se o título da página fica &quot;${TITULO}&quot;">
<kw name="Title Should Be" library="SeleniumLibrary">
<arg>title=${TITULO}</arg>
<doc>Verifies that the current page title equals ``title``.</doc>
<msg timestamp="20230516 16:28:48.951" level="INFO">Page title is 'Eletrônicos e Tecnologia | Amazon.com.br'.</msg>
<status status="PASS" starttime="20230516 16:28:48.779" endtime="20230516 16:28:48.951"/>
</kw>
<status status="PASS" starttime="20230516 16:28:48.778" endtime="20230516 16:28:48.951"/>
</kw>
<kw name="Verificar se aparece a categoria &quot;Computadores e Informática&quot;" library="amazon_resources" sourcename="Verificar se aparece a categoria &quot;${NOME_CATEGORIA}&quot;">
<kw name="Element Should Be Visible" library="SeleniumLibrary">
<arg>locator=//img[@alt='${NOME_CATEGORIA}']</arg>
<doc>Verifies that the element identified by ``locator`` is visible.</doc>
<msg timestamp="20230516 16:28:49.070" level="INFO">Element '//img[@alt='Computadores e Informática']' is displayed.</msg>
<status status="PASS" starttime="20230516 16:28:48.952" endtime="20230516 16:28:49.070"/>
</kw>
<status status="PASS" starttime="20230516 16:28:48.952" endtime="20230516 16:28:49.071"/>
</kw>
<kw name="Verificar se aparece a categoria &quot;Tablets&quot;" library="amazon_resources" sourcename="Verificar se aparece a categoria &quot;${NOME_CATEGORIA}&quot;">
<kw name="Element Should Be Visible" library="SeleniumLibrary">
<arg>locator=//img[@alt='${NOME_CATEGORIA}']</arg>
<doc>Verifies that the element identified by ``locator`` is visible.</doc>
<msg timestamp="20230516 16:28:49.184" level="INFO">Element '//img[@alt='Tablets']' is displayed.</msg>
<status status="PASS" starttime="20230516 16:28:49.071" endtime="20230516 16:28:49.184"/>
</kw>
<status status="PASS" starttime="20230516 16:28:49.071" endtime="20230516 16:28:49.184"/>
</kw>
<kw name="Fechar o navegador" library="amazon_resources" type="TEARDOWN">
<kw name="Close Browser" library="SeleniumLibrary">
<doc>Closes the current browser.</doc>
<status status="PASS" starttime="20230516 16:28:49.185" endtime="20230516 16:28:49.251"/>
</kw>
<status status="PASS" starttime="20230516 16:28:49.185" endtime="20230516 16:28:49.252"/>
</kw>
<doc>Esse teste verifica o menu eletrônicos do site da Amazon.com.br
e verifica a categoria Computadores e Informática</doc>
<tag>categorias</tag>
<tag>menus</tag>
<status status="PASS" starttime="20230516 16:28:43.720" endtime="20230516 16:28:49.252"/>
</test>
<test id="s1-t2" name="Caso de Teste 02 - Pesquisa de um produto" line="19">
<kw name="Abrir o navegador" library="amazon_resources" type="SETUP">
<kw name="Open Browser" library="SeleniumLibrary">
<arg>browser=chrome</arg>
<doc>Opens a new browser instance to the optional ``url``.</doc>
<msg timestamp="20230516 16:28:49.254" level="INFO">Opening browser 'chrome' to base url 'None'.</msg>
<msg timestamp="20230516 16:28:49.254" level="INFO">Applicable driver not found; attempting to install with Selenium Manager (Beta)</msg>
<status status="PASS" starttime="20230516 16:28:49.253" endtime="20230516 16:28:50.261"/>
</kw>
<kw name="Maximize Browser Window" library="SeleniumLibrary">
<doc>Maximizes current browser window.</doc>
<status status="PASS" starttime="20230516 16:28:50.262" endtime="20230516 16:28:50.365"/>
</kw>
<status status="PASS" starttime="20230516 16:28:49.253" endtime="20230516 16:28:50.365"/>
</kw>
<kw name="Acessar a home page do site Amazon.com.br" library="amazon_resources">
<kw name="Go To" library="SeleniumLibrary">
<arg>url=${URL}</arg>
<doc>Navigates the current browser window to the provided ``url``.</doc>
<msg timestamp="20230516 16:28:50.367" level="INFO">Opening url 'http://www.amazon.com.br'</msg>
<status status="PASS" starttime="20230516 16:28:50.366" endtime="20230516 16:28:52.217"/>
</kw>
<kw name="Wait Until Element Is Visible" library="SeleniumLibrary">
<arg>locator=${MENU_ELETRONICOS}</arg>
<doc>Waits until the element ``locator`` is visible.</doc>
<status status="PASS" starttime="20230516 16:28:52.217" endtime="20230516 16:28:52.273"/>
</kw>
<status status="PASS" starttime="20230516 16:28:50.366" endtime="20230516 16:28:52.273"/>
</kw>
<kw name="Digitar o nome do produto &quot;Xbox Series S&quot; no campo de pesquisa" library="amazon_resources" sourcename="Digitar o nome do produto &quot;${PRODUTO}&quot; no campo de pesquisa">
<msg timestamp="20230516 16:28:52.274" level="FAIL">User keyword 'Digitar o nome do produto "Xbox Series S" no campo de pesquisa' contains no keywords.</msg>
<status status="FAIL" starttime="20230516 16:28:52.274" endtime="20230516 16:28:52.274"/>
</kw>
<kw name="Fechar o navegador" library="amazon_resources" type="TEARDOWN">
<kw name="Close Browser" library="SeleniumLibrary">
<doc>Closes the current browser.</doc>
<status status="PASS" starttime="20230516 16:28:52.275" endtime="20230516 16:28:52.350"/>
</kw>
<status status="PASS" starttime="20230516 16:28:52.275" endtime="20230516 16:28:52.350"/>
</kw>
<doc>Esse teste verifica a busca de um produto</doc>
<tag>busca_produtos</tag>
<tag>pesquisa</tag>
<status status="FAIL" starttime="20230516 16:28:49.252" endtime="20230516 16:28:52.350">User keyword 'Digitar o nome do produto "Xbox Series S" no campo de pesquisa' contains no keywords.</status>
</test>
<doc>Essa suíte testa o site da Amazon.com.br</doc>
<status status="FAIL" starttime="20230516 16:28:43.514" endtime="20230516 16:28:52.352"/>
</suite>
<statistics>
<total>
<stat pass="1" fail="1" skip="0">All Tests</stat>
</total>
<tag>
<stat pass="0" fail="1" skip="0">busca_produtos</stat>
<stat pass="1" fail="0" skip="0">categorias</stat>
<stat pass="1" fail="0" skip="0">menus</stat>
<stat pass="0" fail="1" skip="0">pesquisa</stat>
</tag>
<suite>
<stat pass="1" fail="1" skip="0" id="s1" name="Amazon Tests">Amazon Tests</stat>
</suite>
</statistics>
<errors>
</errors>
</robot>
